Build started 2012/3/2 20:33:21.
     1>Project "I:\VS2010\Projects\CityLampServer\CityLampServer\CityLampServer.vcxproj" on node 2 (build target(s)).
     1>C:\Program Files\MSBuild\Microsoft.Cpp\v4.0\Microsoft.CppBuild.targets(298,5): warning MSB8004: Intermediate Directory does not end with a trailing slash.  This build instance will add the slash as it is required to allow proper evaluation of the Intermediate Directory.
     1>C:\Program Files\MSBuild\Microsoft.Cpp\v4.0\Microsoft.CppBuild.targets(299,5): warning MSB8004: Output Directory does not end with a trailing slash.  This build instance will add the slash as it is required to allow proper evaluation of the Output Directory.
     1>InitializeBuildStatus:
         Touching "Debug\CityLampServer.unsuccessfulbuild".
       ClCompile:
         All outputs are up-to-date.
         F:\win7\Microsoft Visual Studio 10.0\VC\bin\CL.exe /c /ZI /nologo /W3 /WX- /Od /Oy- /D WIN32 /D _WINDOWS /D STRICT /D _DEBUG /D _UNICODE /D UNICODE /Gm /EHsc /RTC1 /MTd /GS /fp:precise /Zc:wchar_t /Zc:forScope /Yu"StdAfx.h" /Fp"Debug\CityLampServer.pch" /Fo"Debug\\" /Fd"Debug\vc100.pdb" /Gd /TP /analyze- /errorReport:prompt MainDlg.cpp SettingDlg.cpp
         SettingDlg.cpp
         Generating Code...
         Compiling...
         MainDlg.cpp
         Generating Code...
       ResourceCompile:
         All outputs are up-to-date.
       ManifestResourceCompile:
         All outputs are up-to-date.
       Link:
         F:\win7\Microsoft Visual Studio 10.0\VC\bin\link.exe /ERRORREPORT:PROMPT /OUT:"Debug\CityLampServer.exe" /INCREMENTAL /NOLOGO kernel32.lib user32.lib gdi32.lib winspool.lib comdlg32.lib advapi32.lib shell32.lib ole32.lib oleaut32.lib uuid.lib odbc32.lib odbccp32.lib /MANIFEST /ManifestFile:"Debug\CityLampServer.exe.intermediate.manifest" /MANIFESTUAC:"level='asInvoker' uiAccess='false'" /DEBUG /PDB:"I:\VS2010\Projects\CityLampServer\CityLampServer\Debug\CityLampServer.pdb" /SUBSYSTEM:WINDOWS /TLBID:1 /DYNAMICBASE /NXCOMPAT /IMPLIB:"Debug\CityLampServer.lib" /MACHINE:X86 Debug\CityLampServer.res
         Debug\CityLampServer.exe.embed.manifest.res
         Debug\AboutDlg.obj
         Debug\CityLamp.obj
         Debug\CityLampServer.obj
         Debug\MainDlg.obj
         Debug\PCClient.obj
         Debug\SettingDlg.obj
         Debug\stdafx.obj
       Manifest:
         C:\Program Files\Microsoft SDKs\Windows\v7.0A\bin\mt.exe /nologo /verbose /out:"Debug\CityLampServer.exe.embed.manifest" /manifest Debug\CityLampServer.exe.intermediate.manifest
         All outputs are up-to-date.
       LinkEmbedManifest:
         All outputs are up-to-date.
         CityLampServer.vcxproj -> I:\VS2010\Projects\CityLampServer\CityLampServer\Debug\CityLampServer.exe
       FinalizeBuildStatus:
         Deleting file "Debug\CityLampServer.unsuccessfulbuild".
         Touching "Debug\CityLampServer.lastbuildstate".
     1>Done Building Project "I:\VS2010\Projects\CityLampServer\CityLampServer\CityLampServer.vcxproj" (build target(s)).

Build succeeded.

Time Elapsed 00:00:06.08
