Debug\CityLampServer.ilk
Debug\CityLampServer.pdb
I:\VS2010\PROJECTS\CITYLAMPSERVER\CITYLAMPSERVER\DEBUG\ABOUTDLG.OBJ
I:\VS2010\PROJECTS\CITYLAMPSERVER\CITYLAMPSERVER\DEBUG\CITYLAMP.OBJ
I:\VS2010\PROJECTS\CITYLAMPSERVER\CITYLAMPSERVER\DEBUG\CITYLAMPSERVER.EXE
I:\VS2010\PROJECTS\CITYLAMPSERVER\CITYLAMPSERVER\DEBUG\CITYLAMPSERVER.EXE.EMBED.MANIFEST
I:\VS2010\PROJECTS\CITYLAMPSERVER\CITYLAMPSERVER\DEBUG\CITYLAMPSERVER.EXE.EMBED.MANIFEST.RES
I:\VS2010\PROJECTS\CITYLAMPSERVER\CITYLAMPSERVER\DEBUG\CITYLAMPSERVER.EXE.INTERMEDIATE.MANIFEST
I:\VS2010\PROJECTS\CITYLAMPSERVER\CITYLAMPSERVER\DEBUG\CITYLAMPSERVER.ILK
I:\VS2010\PROJECTS\CITYLAMPSERVER\CITYLAMPSERVER\DEBUG\CITYLAMPSERVER.OBJ
I:\VS2010\PROJECTS\CITYLAMPSERVER\CITYLAMPSERVER\DEBUG\CITYLAMPSERVER.PCH
I:\VS2010\PROJECTS\CITYLAMPSERVER\CITYLAMPSERVER\DEBUG\CITYLAMPSERVER.PDB
I:\VS2010\PROJECTS\CITYLAMPSERVER\CITYLAMPSERVER\DEBUG\CITYLAMPSERVER.RES
I:\VS2010\Projects\CityLampServer\CityLampServer\Debug\CityLampServer_manifest.rc
I:\VS2010\Projects\CityLampServer\CityLampServer\Debug\cl.command.1.tlog
I:\VS2010\Projects\CityLampServer\CityLampServer\Debug\CL.read.1.tlog
I:\VS2010\Projects\CityLampServer\CityLampServer\Debug\CL.write.1.tlog
I:\VS2010\Projects\CityLampServer\CityLampServer\Debug\link.1004.read.1.tlog
I:\VS2010\Projects\CityLampServer\CityLampServer\Debug\link.1004.write.1.tlog
I:\VS2010\Projects\CityLampServer\CityLampServer\Debug\link.1004-cvtres.read.1.tlog
I:\VS2010\Projects\CityLampServer\CityLampServer\Debug\link.1004-cvtres.write.1.tlog
I:\VS2010\Projects\CityLampServer\CityLampServer\Debug\link.16180.read.1.tlog
I:\VS2010\Projects\CityLampServer\CityLampServer\Debug\link.16180.write.1.tlog
I:\VS2010\Projects\CityLampServer\CityLampServer\Debug\link.16180-cvtres.read.1.tlog
I:\VS2010\Projects\CityLampServer\CityLampServer\Debug\link.16180-cvtres.write.1.tlog
I:\VS2010\Projects\CityLampServer\CityLampServer\Debug\link.18196.read.1.tlog
I:\VS2010\Projects\CityLampServer\CityLampServer\Debug\link.18196.write.1.tlog
I:\VS2010\Projects\CityLampServer\CityLampServer\Debug\link.18196-cvtres.read.1.tlog
I:\VS2010\Projects\CityLampServer\CityLampServer\Debug\link.18196-cvtres.write.1.tlog
I:\VS2010\Projects\CityLampServer\CityLampServer\Debug\link.2032.read.1.tlog
I:\VS2010\Projects\CityLampServer\CityLampServer\Debug\link.2032.write.1.tlog
I:\VS2010\Projects\CityLampServer\CityLampServer\Debug\link.2032-cvtres.read.1.tlog
I:\VS2010\Projects\CityLampServer\CityLampServer\Debug\link.2032-cvtres.write.1.tlog
I:\VS2010\Projects\CityLampServer\CityLampServer\Debug\link.2100.read.1.tlog
I:\VS2010\Projects\CityLampServer\CityLampServer\Debug\link.2100.write.1.tlog
I:\VS2010\Projects\CityLampServer\CityLampServer\Debug\link.2100-cvtres.read.1.tlog
I:\VS2010\Projects\CityLampServer\CityLampServer\Debug\link.2100-cvtres.write.1.tlog
I:\VS2010\Projects\CityLampServer\CityLampServer\Debug\link.2168.read.1.tlog
I:\VS2010\Projects\CityLampServer\CityLampServer\Debug\link.2168.write.1.tlog
I:\VS2010\Projects\CityLampServer\CityLampServer\Debug\link.2168-cvtres.read.1.tlog
I:\VS2010\Projects\CityLampServer\CityLampServer\Debug\link.2168-cvtres.write.1.tlog
I:\VS2010\Projects\CityLampServer\CityLampServer\Debug\link.2232.read.1.tlog
I:\VS2010\Projects\CityLampServer\CityLampServer\Debug\link.2232.write.1.tlog
I:\VS2010\Projects\CityLampServer\CityLampServer\Debug\link.2232-cvtres.read.1.tlog
I:\VS2010\Projects\CityLampServer\CityLampServer\Debug\link.2232-cvtres.write.1.tlog
I:\VS2010\Projects\CityLampServer\CityLampServer\Debug\link.2476.read.1.tlog
I:\VS2010\Projects\CityLampServer\CityLampServer\Debug\link.2476.write.1.tlog
I:\VS2010\Projects\CityLampServer\CityLampServer\Debug\link.2476-cvtres.read.1.tlog
I:\VS2010\Projects\CityLampServer\CityLampServer\Debug\link.2476-cvtres.write.1.tlog
I:\VS2010\Projects\CityLampServer\CityLampServer\Debug\link.2520.read.1.tlog
I:\VS2010\Projects\CityLampServer\CityLampServer\Debug\link.2520.write.1.tlog
I:\VS2010\Projects\CityLampServer\CityLampServer\Debug\link.2520-cvtres.read.1.tlog
I:\VS2010\Projects\CityLampServer\CityLampServer\Debug\link.2520-cvtres.write.1.tlog
I:\VS2010\Projects\CityLampServer\CityLampServer\Debug\link.2648.read.1.tlog
I:\VS2010\Projects\CityLampServer\CityLampServer\Debug\link.2648.write.1.tlog
I:\VS2010\Projects\CityLampServer\CityLampServer\Debug\link.2648-cvtres.read.1.tlog
I:\VS2010\Projects\CityLampServer\CityLampServer\Debug\link.2648-cvtres.write.1.tlog
I:\VS2010\Projects\CityLampServer\CityLampServer\Debug\link.2724.read.1.tlog
I:\VS2010\Projects\CityLampServer\CityLampServer\Debug\link.2724.write.1.tlog
I:\VS2010\Projects\CityLampServer\CityLampServer\Debug\link.2724-cvtres.read.1.tlog
I:\VS2010\Projects\CityLampServer\CityLampServer\Debug\link.2724-cvtres.write.1.tlog
I:\VS2010\Projects\CityLampServer\CityLampServer\Debug\link.3192.read.1.tlog
I:\VS2010\Projects\CityLampServer\CityLampServer\Debug\link.3192.write.1.tlog
I:\VS2010\Projects\CityLampServer\CityLampServer\Debug\link.3192-cvtres.read.1.tlog
I:\VS2010\Projects\CityLampServer\CityLampServer\Debug\link.3192-cvtres.write.1.tlog
I:\VS2010\Projects\CityLampServer\CityLampServer\Debug\link.3428.read.1.tlog
I:\VS2010\Projects\CityLampServer\CityLampServer\Debug\link.3428.write.1.tlog
I:\VS2010\Projects\CityLampServer\CityLampServer\Debug\link.3428-cvtres.read.1.tlog
I:\VS2010\Projects\CityLampServer\CityLampServer\Debug\link.3428-cvtres.write.1.tlog
I:\VS2010\Projects\CityLampServer\CityLampServer\Debug\link.3624.read.1.tlog
I:\VS2010\Projects\CityLampServer\CityLampServer\Debug\link.3624.write.1.tlog
I:\VS2010\Projects\CityLampServer\CityLampServer\Debug\link.3624-cvtres.read.1.tlog
I:\VS2010\Projects\CityLampServer\CityLampServer\Debug\link.3624-cvtres.write.1.tlog
I:\VS2010\Projects\CityLampServer\CityLampServer\Debug\link.404.read.1.tlog
I:\VS2010\Projects\CityLampServer\CityLampServer\Debug\link.404.write.1.tlog
I:\VS2010\Projects\CityLampServer\CityLampServer\Debug\link.404-cvtres.read.1.tlog
I:\VS2010\Projects\CityLampServer\CityLampServer\Debug\link.404-cvtres.write.1.tlog
I:\VS2010\Projects\CityLampServer\CityLampServer\Debug\link.4076.read.1.tlog
I:\VS2010\Projects\CityLampServer\CityLampServer\Debug\link.4076.write.1.tlog
I:\VS2010\Projects\CityLampServer\CityLampServer\Debug\link.4076-cvtres.read.1.tlog
I:\VS2010\Projects\CityLampServer\CityLampServer\Debug\link.4076-cvtres.write.1.tlog
I:\VS2010\Projects\CityLampServer\CityLampServer\Debug\link.416.read.1.tlog
I:\VS2010\Projects\CityLampServer\CityLampServer\Debug\link.416.write.1.tlog
I:\VS2010\Projects\CityLampServer\CityLampServer\Debug\link.416-cvtres.read.1.tlog
I:\VS2010\Projects\CityLampServer\CityLampServer\Debug\link.416-cvtres.write.1.tlog
I:\VS2010\Projects\CityLampServer\CityLampServer\Debug\link.4392.read.1.tlog
I:\VS2010\Projects\CityLampServer\CityLampServer\Debug\link.4392.write.1.tlog
I:\VS2010\Projects\CityLampServer\CityLampServer\Debug\link.4392-cvtres.read.1.tlog
I:\VS2010\Projects\CityLampServer\CityLampServer\Debug\link.4392-cvtres.write.1.tlog
I:\VS2010\Projects\CityLampServer\CityLampServer\Debug\link.4540.read.1.tlog
I:\VS2010\Projects\CityLampServer\CityLampServer\Debug\link.4540.write.1.tlog
I:\VS2010\Projects\CityLampServer\CityLampServer\Debug\link.4540-cvtres.read.1.tlog
I:\VS2010\Projects\CityLampServer\CityLampServer\Debug\link.4540-cvtres.write.1.tlog
I:\VS2010\Projects\CityLampServer\CityLampServer\Debug\link.4612.read.1.tlog
I:\VS2010\Projects\CityLampServer\CityLampServer\Debug\link.4612.write.1.tlog
I:\VS2010\Projects\CityLampServer\CityLampServer\Debug\link.4612-cvtres.read.1.tlog
I:\VS2010\Projects\CityLampServer\CityLampServer\Debug\link.4612-cvtres.write.1.tlog
I:\VS2010\Projects\CityLampServer\CityLampServer\Debug\link.4648.read.1.tlog
I:\VS2010\Projects\CityLampServer\CityLampServer\Debug\link.4648.write.1.tlog
I:\VS2010\Projects\CityLampServer\CityLampServer\Debug\link.4648-cvtres.read.1.tlog
I:\VS2010\Projects\CityLampServer\CityLampServer\Debug\link.4648-cvtres.write.1.tlog
I:\VS2010\Projects\CityLampServer\CityLampServer\Debug\link.4732.read.1.tlog
I:\VS2010\Projects\CityLampServer\CityLampServer\Debug\link.4732.write.1.tlog
I:\VS2010\Projects\CityLampServer\CityLampServer\Debug\link.4732-cvtres.read.1.tlog
I:\VS2010\Projects\CityLampServer\CityLampServer\Debug\link.4732-cvtres.write.1.tlog
I:\VS2010\Projects\CityLampServer\CityLampServer\Debug\link.4796.read.1.tlog
I:\VS2010\Projects\CityLampServer\CityLampServer\Debug\link.4796.write.1.tlog
I:\VS2010\Projects\CityLampServer\CityLampServer\Debug\link.4796-cvtres.read.1.tlog
I:\VS2010\Projects\CityLampServer\CityLampServer\Debug\link.4796-cvtres.write.1.tlog
I:\VS2010\Projects\CityLampServer\CityLampServer\Debug\link.5088.read.1.tlog
I:\VS2010\Projects\CityLampServer\CityLampServer\Debug\link.5088.write.1.tlog
I:\VS2010\Projects\CityLampServer\CityLampServer\Debug\link.5088-cvtres.read.1.tlog
I:\VS2010\Projects\CityLampServer\CityLampServer\Debug\link.5088-cvtres.write.1.tlog
I:\VS2010\Projects\CityLampServer\CityLampServer\Debug\link.5360.read.1.tlog
I:\VS2010\Projects\CityLampServer\CityLampServer\Debug\link.5360.write.1.tlog
I:\VS2010\Projects\CityLampServer\CityLampServer\Debug\link.5360-cvtres.read.1.tlog
I:\VS2010\Projects\CityLampServer\CityLampServer\Debug\link.5360-cvtres.write.1.tlog
I:\VS2010\Projects\CityLampServer\CityLampServer\Debug\link.5380.read.1.tlog
I:\VS2010\Projects\CityLampServer\CityLampServer\Debug\link.5380.write.1.tlog
I:\VS2010\Projects\CityLampServer\CityLampServer\Debug\link.5380-cvtres.read.1.tlog
I:\VS2010\Projects\CityLampServer\CityLampServer\Debug\link.5380-cvtres.write.1.tlog
I:\VS2010\Projects\CityLampServer\CityLampServer\Debug\link.5440.read.1.tlog
I:\VS2010\Projects\CityLampServer\CityLampServer\Debug\link.5440.write.1.tlog
I:\VS2010\Projects\CityLampServer\CityLampServer\Debug\link.5440-cvtres.read.1.tlog
I:\VS2010\Projects\CityLampServer\CityLampServer\Debug\link.5440-cvtres.write.1.tlog
I:\VS2010\Projects\CityLampServer\CityLampServer\Debug\link.5700.read.1.tlog
I:\VS2010\Projects\CityLampServer\CityLampServer\Debug\link.5700.write.1.tlog
I:\VS2010\Projects\CityLampServer\CityLampServer\Debug\link.5700-cvtres.read.1.tlog
I:\VS2010\Projects\CityLampServer\CityLampServer\Debug\link.5700-cvtres.write.1.tlog
I:\VS2010\Projects\CityLampServer\CityLampServer\Debug\link.6008.read.1.tlog
I:\VS2010\Projects\CityLampServer\CityLampServer\Debug\link.6008.write.1.tlog
I:\VS2010\Projects\CityLampServer\CityLampServer\Debug\link.6008-cvtres.read.1.tlog
I:\VS2010\Projects\CityLampServer\CityLampServer\Debug\link.6008-cvtres.write.1.tlog
I:\VS2010\Projects\CityLampServer\CityLampServer\Debug\link.6380.read.1.tlog
I:\VS2010\Projects\CityLampServer\CityLampServer\Debug\link.6380.write.1.tlog
I:\VS2010\Projects\CityLampServer\CityLampServer\Debug\link.6380-cvtres.read.1.tlog
I:\VS2010\Projects\CityLampServer\CityLampServer\Debug\link.6380-cvtres.write.1.tlog
I:\VS2010\Projects\CityLampServer\CityLampServer\Debug\link.7144.read.1.tlog
I:\VS2010\Projects\CityLampServer\CityLampServer\Debug\link.7144.write.1.tlog
I:\VS2010\Projects\CityLampServer\CityLampServer\Debug\link.7144-cvtres.read.1.tlog
I:\VS2010\Projects\CityLampServer\CityLampServer\Debug\link.7144-cvtres.write.1.tlog
I:\VS2010\Projects\CityLampServer\CityLampServer\Debug\link.7352.read.1.tlog
I:\VS2010\Projects\CityLampServer\CityLampServer\Debug\link.7352.write.1.tlog
I:\VS2010\Projects\CityLampServer\CityLampServer\Debug\link.7352-cvtres.read.1.tlog
I:\VS2010\Projects\CityLampServer\CityLampServer\Debug\link.7352-cvtres.write.1.tlog
I:\VS2010\Projects\CityLampServer\CityLampServer\Debug\link.7588.read.1.tlog
I:\VS2010\Projects\CityLampServer\CityLampServer\Debug\link.7588.write.1.tlog
I:\VS2010\Projects\CityLampServer\CityLampServer\Debug\link.7588-cvtres.read.1.tlog
I:\VS2010\Projects\CityLampServer\CityLampServer\Debug\link.7588-cvtres.write.1.tlog
I:\VS2010\Projects\CityLampServer\CityLampServer\Debug\link.7664.read.1.tlog
I:\VS2010\Projects\CityLampServer\CityLampServer\Debug\link.7664.write.1.tlog
I:\VS2010\Projects\CityLampServer\CityLampServer\Debug\link.7664-cvtres.read.1.tlog
I:\VS2010\Projects\CityLampServer\CityLampServer\Debug\link.7664-cvtres.write.1.tlog
I:\VS2010\Projects\CityLampServer\CityLampServer\Debug\link.7736.read.1.tlog
I:\VS2010\Projects\CityLampServer\CityLampServer\Debug\link.7736.write.1.tlog
I:\VS2010\Projects\CityLampServer\CityLampServer\Debug\link.7736-cvtres.read.1.tlog
I:\VS2010\Projects\CityLampServer\CityLampServer\Debug\link.7736-cvtres.write.1.tlog
I:\VS2010\Projects\CityLampServer\CityLampServer\Debug\link.7764.read.1.tlog
I:\VS2010\Projects\CityLampServer\CityLampServer\Debug\link.7764.write.1.tlog
I:\VS2010\Projects\CityLampServer\CityLampServer\Debug\link.7764-cvtres.read.1.tlog
I:\VS2010\Projects\CityLampServer\CityLampServer\Debug\link.7764-cvtres.write.1.tlog
I:\VS2010\Projects\CityLampServer\CityLampServer\Debug\link.7896.read.1.tlog
I:\VS2010\Projects\CityLampServer\CityLampServer\Debug\link.7896.write.1.tlog
I:\VS2010\Projects\CityLampServer\CityLampServer\Debug\link.7896-cvtres.read.1.tlog
I:\VS2010\Projects\CityLampServer\CityLampServer\Debug\link.7896-cvtres.write.1.tlog
I:\VS2010\Projects\CityLampServer\CityLampServer\Debug\link.7916.read.1.tlog
I:\VS2010\Projects\CityLampServer\CityLampServer\Debug\link.7916.write.1.tlog
I:\VS2010\Projects\CityLampServer\CityLampServer\Debug\link.7916-cvtres.read.1.tlog
I:\VS2010\Projects\CityLampServer\CityLampServer\Debug\link.7916-cvtres.write.1.tlog
I:\VS2010\Projects\CityLampServer\CityLampServer\Debug\link.8184.read.1.tlog
I:\VS2010\Projects\CityLampServer\CityLampServer\Debug\link.8184.write.1.tlog
I:\VS2010\Projects\CityLampServer\CityLampServer\Debug\link.8184-cvtres.read.1.tlog
I:\VS2010\Projects\CityLampServer\CityLampServer\Debug\link.8184-cvtres.write.1.tlog
I:\VS2010\Projects\CityLampServer\CityLampServer\Debug\link.8604.read.1.tlog
I:\VS2010\Projects\CityLampServer\CityLampServer\Debug\link.8604.write.1.tlog
I:\VS2010\Projects\CityLampServer\CityLampServer\Debug\link.8604-cvtres.read.1.tlog
I:\VS2010\Projects\CityLampServer\CityLampServer\Debug\link.8604-cvtres.write.1.tlog
I:\VS2010\Projects\CityLampServer\CityLampServer\Debug\link.904.read.1.tlog
I:\VS2010\Projects\CityLampServer\CityLampServer\Debug\link.904.write.1.tlog
I:\VS2010\Projects\CityLampServer\CityLampServer\Debug\link.904-cvtres.read.1.tlog
I:\VS2010\Projects\CityLampServer\CityLampServer\Debug\link.904-cvtres.write.1.tlog
I:\VS2010\Projects\CityLampServer\CityLampServer\Debug\link.9244.read.1.tlog
I:\VS2010\Projects\CityLampServer\CityLampServer\Debug\link.9244.write.1.tlog
I:\VS2010\Projects\CityLampServer\CityLampServer\Debug\link.9244-cvtres.read.1.tlog
I:\VS2010\Projects\CityLampServer\CityLampServer\Debug\link.9244-cvtres.write.1.tlog
I:\VS2010\Projects\CityLampServer\CityLampServer\Debug\link.9288.read.1.tlog
I:\VS2010\Projects\CityLampServer\CityLampServer\Debug\link.9288.write.1.tlog
I:\VS2010\Projects\CityLampServer\CityLampServer\Debug\link.9288-cvtres.read.1.tlog
I:\VS2010\Projects\CityLampServer\CityLampServer\Debug\link.9288-cvtres.write.1.tlog
I:\VS2010\Projects\CityLampServer\CityLampServer\Debug\link.9800.read.1.tlog
I:\VS2010\Projects\CityLampServer\CityLampServer\Debug\link.9800.write.1.tlog
I:\VS2010\Projects\CityLampServer\CityLampServer\Debug\link.9800-cvtres.read.1.tlog
I:\VS2010\Projects\CityLampServer\CityLampServer\Debug\link.9800-cvtres.write.1.tlog
I:\VS2010\Projects\CityLampServer\CityLampServer\Debug\link.command.1.tlog
I:\VS2010\Projects\CityLampServer\CityLampServer\Debug\link.read.1.tlog
I:\VS2010\Projects\CityLampServer\CityLampServer\Debug\link.write.1.tlog
I:\VS2010\Projects\CityLampServer\CityLampServer\Debug\link-cvtres.read.1.tlog
I:\VS2010\Projects\CityLampServer\CityLampServer\Debug\link-cvtres.write.1.tlog
I:\VS2010\PROJECTS\CITYLAMPSERVER\CITYLAMPSERVER\DEBUG\MAINDLG.OBJ
I:\VS2010\Projects\CityLampServer\CityLampServer\Debug\mt.command.1.tlog
I:\VS2010\Projects\CityLampServer\CityLampServer\Debug\mt.read.1.tlog
I:\VS2010\Projects\CityLampServer\CityLampServer\Debug\mt.write.1.tlog
I:\VS2010\PROJECTS\CITYLAMPSERVER\CITYLAMPSERVER\DEBUG\PCCLIENT.OBJ
I:\VS2010\Projects\CityLampServer\CityLampServer\Debug\rc.command.1.tlog
I:\VS2010\Projects\CityLampServer\CityLampServer\Debug\rc.read.1.tlog
I:\VS2010\Projects\CityLampServer\CityLampServer\Debug\rc.write.1.tlog
I:\VS2010\PROJECTS\CITYLAMPSERVER\CITYLAMPSERVER\DEBUG\SETTINGDLG.OBJ
I:\VS2010\PROJECTS\CITYLAMPSERVER\CITYLAMPSERVER\DEBUG\STDAFX.OBJ
I:\VS2010\Projects\CityLampServer\CityLampServer\Debug\vc100.idb
I:\VS2010\PROJECTS\CITYLAMPSERVER\CITYLAMPSERVER\DEBUG\VC100.PDB
